<?xml version="1.0" encoding="UTF-8"?>
<!-- Generated by org.testng.reporters.JUnitXMLReporter -->
<testsuite ignored="0" hostname="LAPTOP-05ERRR87" failures="0" tests="3" name="Default test" time="25.307" errors="0" timestamp="2024-05-27T21:52:23 IST">
  <testcase classname="technologies.SA" name="confirmAccessibilityOfTheTopLevelMenus" time="0.801"/>
  <testcase classname="technologies.SA" name="verifyContactUs" time="7.849"/>
  <testcase classname="technologies.SA" name="verifyRequestADemoButton" time="0.032"/>
</testsuite> <!-- Default test -->
