<?xml version="1.0" encoding="UTF-8"?>
<testng-results ignored="0" total="3" passed="3" failed="0" skipped="0">
  <reporter-output>
  </reporter-output>
  <suite started-at="2024-05-27T21:51:58 IST" name="Default suite" finished-at="2024-05-27T21:52:23 IST" duration-ms="25307">
    <groups>
    </groups>
    <test started-at="2024-05-27T21:51:58 IST" name="Default test" finished-at="2024-05-27T21:52:23 IST" duration-ms="25307">
      <class name="technologies.SA">
        <test-method is-config="true" signature="beforeTest()[pri:0, instance:technologies.SA@6e6f2380]" started-at="2024-05-27T21:51:58 IST" name="beforeTest" finished-at="2024-05-27T21:52:13 IST" duration-ms="15279" status="PASS">
          <reporter-output>
          </reporter-output>
        </test-method> <!-- beforeTest -->
        <test-method signature="confirmAccessibilityOfTheTopLevelMenus()[pri:0, instance:technologies.SA@6e6f2380]" started-at="2024-05-27T21:52:13 IST" name="confirmAccessibilityOfTheTopLevelMenus" finished-at="2024-05-27T21:52:14 IST" duration-ms="801" status="PASS">
          <reporter-output>
          </reporter-output>
        </test-method> <!-- confirmAccessibilityOfTheTopLevelMenus -->
        <test-method signature="verifyContactUs()[pri:0, instance:technologies.SA@6e6f2380]" started-at="2024-05-27T21:52:14 IST" name="verifyContactUs" finished-at="2024-05-27T21:52:22 IST" duration-ms="7849" status="PASS">
          <reporter-output>
          </reporter-output>
        </test-method> <!-- verifyContactUs -->
        <test-method signature="verifyRequestADemoButton()[pri:0, instance:technologies.SA@6e6f2380]" started-at="2024-05-27T21:52:22 IST" name="verifyRequestADemoButton" finished-at="2024-05-27T21:52:22 IST" duration-ms="32" status="PASS">
          <reporter-output>
          </reporter-output>
        </test-method> <!-- verifyRequestADemoButton -->
        <test-method is-config="true" signature="afterTest()[pri:0, instance:technologies.SA@6e6f2380]" started-at="2024-05-27T21:52:22 IST" name="afterTest" finished-at="2024-05-27T21:52:23 IST" duration-ms="1306" status="PASS">
          <reporter-output>
          </reporter-output>
        </test-method> <!-- afterTest -->
      </class> <!-- technologies.SA -->
    </test> <!-- Default test -->
  </suite> <!-- Default suite -->
</testng-results>
